{"total": {"lines":{"total":1206,"covered":118,"skipped":0,"pct":9.78},"statements":{"total":1244,"covered":121,"skipped":0,"pct":9.72},"functions":{"total":131,"covered":16,"skipped":0,"pct":12.21},"branches":{"total":911,"covered":80,"skipped":0,"pct":8.78},"branchesTrue":{"total":0,"covered":0,"skipped":0,"pct":"Unknown"}}
,"C:\\Users\\Lucas\\Desktop\\tiendita\\server\\src\\controllers\\activation.controller.ts": {"lines":{"total":63,"covered":21,"skipped":0,"pct":33.33},"functions":{"total":3,"covered":2,"skipped":0,"pct":66.66},"statements":{"total":63,"covered":21,"skipped":0,"pct":33.33},"branches":{"total":31,"covered":12,"skipped":0,"pct":38.7}}
,"C:\\Users\\Lucas\\Desktop\\tiendita\\server\\src\\controllers\\admin.controller.ts": {"lines":{"total":57,"covered":0,"skipped":0,"pct":0},"functions":{"total":5,"covered":0,"skipped":0,"pct":0},"statements":{"total":57,"covered":0,"skipped":0,"pct":0},"branches":{"total":33,"covered":0,"skipped":0,"pct":0}}
,"C:\\Users\\Lucas\\Desktop\\tiendita\\server\\src\\controllers\\auth.controller.ts": {"lines":{"total":93,"covered":33,"skipped":0,"pct":35.48},"functions":{"total":6,"covered":3,"skipped":0,"pct":50},"statements":{"total":93,"covered":33,"skipped":0,"pct":35.48},"branches":{"total":52,"covered":23,"skipped":0,"pct":44.23}}
,"C:\\Users\\Lucas\\Desktop\\tiendita\\server\\src\\controllers\\categories.controller.ts": {"lines":{"total":49,"covered":0,"skipped":0,"pct":0},"functions":{"total":5,"covered":0,"skipped":0,"pct":0},"statements":{"total":50,"covered":0,"skipped":0,"pct":0},"branches":{"total":30,"covered":0,"skipped":0,"pct":0}}
,"C:\\Users\\Lucas\\Desktop\\tiendita\\server\\src\\controllers\\central.controller.ts": {"lines":{"total":25,"covered":0,"skipped":0,"pct":0},"functions":{"total":4,"covered":0,"skipped":0,"pct":0},"statements":{"total":25,"covered":0,"skipped":0,"pct":0},"branches":{"total":6,"covered":0,"skipped":0,"pct":0}}
,"C:\\Users\\Lucas\\Desktop\\tiendita\\server\\src\\controllers\\config.controller.ts": {"lines":{"total":77,"covered":0,"skipped":0,"pct":0},"functions":{"total":9,"covered":0,"skipped":0,"pct":0},"statements":{"total":78,"covered":0,"skipped":0,"pct":0},"branches":{"total":170,"covered":0,"skipped":0,"pct":0}}
,"C:\\Users\\Lucas\\Desktop\\tiendita\\server\\src\\controllers\\impersonation.controller.ts": {"lines":{"total":41,"covered":0,"skipped":0,"pct":0},"functions":{"total":4,"covered":0,"skipped":0,"pct":0},"statements":{"total":41,"covered":0,"skipped":0,"pct":0},"branches":{"total":18,"covered":0,"skipped":0,"pct":0}}
,"C:\\Users\\Lucas\\Desktop\\tiendita\\server\\src\\controllers\\licenses.controller.ts": {"lines":{"total":94,"covered":0,"skipped":0,"pct":0},"functions":{"total":7,"covered":0,"skipped":0,"pct":0},"statements":{"total":98,"covered":0,"skipped":0,"pct":0},"branches":{"total":45,"covered":0,"skipped":0,"pct":0}}
,"C:\\Users\\Lucas\\Desktop\\tiendita\\server\\src\\controllers\\modo.controller.ts": {"lines":{"total":33,"covered":0,"skipped":0,"pct":0},"functions":{"total":4,"covered":0,"skipped":0,"pct":0},"statements":{"total":33,"covered":0,"skipped":0,"pct":0},"branches":{"total":14,"covered":0,"skipped":0,"pct":0}}
,"C:\\Users\\Lucas\\Desktop\\tiendita\\server\\src\\controllers\\orders.controller.ts": {"lines":{"total":127,"covered":44,"skipped":0,"pct":34.64},"functions":{"total":19,"covered":8,"skipped":0,"pct":42.1},"statements":{"total":136,"covered":47,"skipped":0,"pct":34.55},"branches":{"total":77,"covered":22,"skipped":0,"pct":28.57}}
,"C:\\Users\\Lucas\\Desktop\\tiendita\\server\\src\\controllers\\payments.controller.ts": {"lines":{"total":80,"covered":0,"skipped":0,"pct":0},"functions":{"total":8,"covered":0,"skipped":0,"pct":0},"statements":{"total":83,"covered":0,"skipped":0,"pct":0},"branches":{"total":46,"covered":0,"skipped":0,"pct":0}}
,"C:\\Users\\Lucas\\Desktop\\tiendita\\server\\src\\controllers\\products.controller.ts": {"lines":{"total":105,"covered":20,"skipped":0,"pct":19.04},"functions":{"total":13,"covered":3,"skipped":0,"pct":23.07},"statements":{"total":107,"covered":20,"skipped":0,"pct":18.69},"branches":{"total":162,"covered":23,"skipped":0,"pct":14.19}}
,"C:\\Users\\Lucas\\Desktop\\tiendita\\server\\src\\controllers\\reviews.controller.ts": {"lines":{"total":61,"covered":0,"skipped":0,"pct":0},"functions":{"total":5,"covered":0,"skipped":0,"pct":0},"statements":{"total":61,"covered":0,"skipped":0,"pct":0},"branches":{"total":51,"covered":0,"skipped":0,"pct":0}}
,"C:\\Users\\Lucas\\Desktop\\tiendita\\server\\src\\controllers\\seo.controller.ts": {"lines":{"total":15,"covered":0,"skipped":0,"pct":0},"functions":{"total":3,"covered":0,"skipped":0,"pct":0},"statements":{"total":15,"covered":0,"skipped":0,"pct":0},"branches":{"total":6,"covered":0,"skipped":0,"pct":0}}
,"C:\\Users\\Lucas\\Desktop\\tiendita\\server\\src\\controllers\\setup.controller.ts": {"lines":{"total":55,"covered":0,"skipped":0,"pct":0},"functions":{"total":4,"covered":0,"skipped":0,"pct":0},"statements":{"total":61,"covered":0,"skipped":0,"pct":0},"branches":{"total":46,"covered":0,"skipped":0,"pct":0}}
,"C:\\Users\\Lucas\\Desktop\\tiendita\\server\\src\\controllers\\shipping.controller.ts": {"lines":{"total":93,"covered":0,"skipped":0,"pct":0},"functions":{"total":17,"covered":0,"skipped":0,"pct":0},"statements":{"total":101,"covered":0,"skipped":0,"pct":0},"branches":{"total":48,"covered":0,"skipped":0,"pct":0}}
,"C:\\Users\\Lucas\\Desktop\\tiendita\\server\\src\\controllers\\stores.controller.ts": {"lines":{"total":84,"covered":0,"skipped":0,"pct":0},"functions":{"total":7,"covered":0,"skipped":0,"pct":0},"statements":{"total":88,"covered":0,"skipped":0,"pct":0},"branches":{"total":48,"covered":0,"skipped":0,"pct":0}}
,"C:\\Users\\Lucas\\Desktop\\tiendita\\server\\src\\controllers\\upload.controller.ts": {"lines":{"total":54,"covered":0,"skipped":0,"pct":0},"functions":{"total":8,"covered":0,"skipped":0,"pct":0},"statements":{"total":54,"covered":0,"skipped":0,"pct":0},"branches":{"total":28,"covered":0,"skipped":0,"pct":0}}
}
